2022-05-05 09:05:54.242  INFO 6928 --- [main] com.spring.SpringHibernateApplication    : Starting SpringHibernateApplication using Java 16.0.1 on DESKTOP-KQGOL4R with PID 6928 (D:\SpringBootProject\Project\HibernerNaredraDatabase\Spring-Hibernate-Application-\target\classes started by ACER in D:\SpringBootProject\Project\HibernerNaredraDatabase\Spring-Hibernate-Application-)
2022-05-05 09:05:54.272  INFO 6928 --- [main] com.spring.SpringHibernateApplication    : No active profile set, falling back to 1 default profile: "default"
2022-05-05 09:05:57.514  INFO 6928 --- [main] .s.d.r.c.RepositoryConfigurationDelegate : Bootstrapping Spring Data JPA repositories in DEFAULT mode.
2022-05-05 09:05:57.815  INFO 6928 --- [main] .s.d.r.c.RepositoryConfigurationDelegate : Finished Spring Data repository scanning in 211 ms. Found 1 JPA repository interfaces.
2022-05-05 09:06:01.149  INFO 6928 --- [main] o.s.b.w.embedded.tomcat.TomcatWebServer  : Tomcat initialized with port(s): 8080 (http)
2022-05-05 09:06:01.182  INFO 6928 --- [main] o.apache.catalina.core.StandardService   : Starting service [Tomcat]
2022-05-05 09:06:01.185  INFO 6928 --- [main] org.apache.catalina.core.StandardEngine  : Starting Servlet engine: [Apache Tomcat/9.0.62]
2022-05-05 09:06:01.819  INFO 6928 --- [main] o.a.c.c.C.[Tomcat].[localhost].[/]       : Initializing Spring embedded WebApplicationContext
2022-05-05 09:06:01.820  INFO 6928 --- [main] w.s.c.ServletWebServerApplicationContext : Root WebApplicationContext: initialization completed in 7254 ms
2022-05-05 09:06:02.557  INFO 6928 --- [main] o.hibernate.jpa.internal.util.LogHelper  : HHH000204: Processing PersistenceUnitInfo [name: default]
2022-05-05 09:06:02.723  INFO 6928 --- [main] org.hibernate.Version                    : HHH000412: Hibernate ORM core version 5.6.8.Final
2022-05-05 09:06:03.284  INFO 6928 --- [main] o.hibernate.annotations.common.Version   : HCANN000001: Hibernate Commons Annotations {5.1.2.Final}
2022-05-05 09:06:03.710  INFO 6928 --- [main] com.zaxxer.hikari.HikariDataSource       : HikariPool-1 - Starting...
2022-05-05 09:06:04.341  INFO 6928 --- [main] com.zaxxer.hikari.HikariDataSource       : HikariPool-1 - Start completed.
2022-05-05 09:06:04.385  INFO 6928 --- [main] org.hibernate.dialect.Dialect            : HHH000400: Using dialect: org.hibernate.dialect.MySQL57InnoDBDialect
2022-05-05 09:06:07.770  INFO 6928 --- [main] o.h.e.t.j.p.i.JtaPlatformInitiator       : HHH000490: Using JtaPlatform implementation: [org.hibernate.engine.transaction.jta.platform.internal.NoJtaPlatform]
2022-05-05 09:06:07.801  INFO 6928 --- [main] j.LocalContainerEntityManagerFactoryBean : Initialized JPA EntityManagerFactory for persistence unit 'default'
2022-05-05 09:06:08.832  WARN 6928 --- [main] JpaBaseConfiguration$JpaWebConfiguration : spring.jpa.open-in-view is enabled by default. Therefore, database queries may be performed during view rendering. Explicitly configure spring.jpa.open-in-view to disable this warning
2022-05-05 09:06:09.735  INFO 6928 --- [main] o.s.b.a.w.s.WelcomePageHandlerMapping    : Adding welcome page template: index
2022-05-05 09:06:10.674  INFO 6928 --- [main] o.s.b.w.embedded.tomcat.TomcatWebServer  : Tomcat started on port(s): 8080 (http) with context path ''
2022-05-05 09:06:10.701  INFO 6928 --- [main] com.spring.SpringHibernateApplication    : Started SpringHibernateApplication in 17.879 seconds (JVM running for 20.62)
2022-05-05 09:06:24.214  INFO 6928 --- [http-nio-8080-exec-1] o.a.c.c.C.[Tomcat].[localhost].[/]       : Initializing Spring DispatcherServlet 'dispatcherServlet'
2022-05-05 09:06:24.215  INFO 6928 --- [http-nio-8080-exec-1] o.s.web.servlet.DispatcherServlet        : Initializing Servlet 'dispatcherServlet'
2022-05-05 09:06:24.222  INFO 6928 --- [http-nio-8080-exec-1] o.s.web.servlet.DispatcherServlet        : Completed initialization in 7 ms
2022-05-05 09:06:24.363  INFO 6928 --- [http-nio-8080-exec-1] com.spring.controller.PersonController   : now request comming inside the(/Getmapping/student
2022-05-05 09:06:24.364 DEBUG 6928 --- [http-nio-8080-exec-1] com.spring.controller.PersonController   : student record is displayed
2022-05-05 11:39:01.198  INFO 6928 --- [RMI TCP Connection(155)-127.0.0.1] inMXBeanRegistrar$SpringApplicationAdmin : Application shutdown requested.
2022-05-05 11:39:01.315  INFO 6928 --- [RMI TCP Connection(155)-127.0.0.1] j.LocalContainerEntityManagerFactoryBean : Closing JPA EntityManagerFactory for persistence unit 'default'
2022-05-05 11:39:01.325  INFO 6928 --- [RMI TCP Connection(155)-127.0.0.1] com.zaxxer.hikari.HikariDataSource       : HikariPool-1 - Shutdown initiated...
2022-05-05 11:39:01.336  INFO 6928 --- [RMI TCP Connection(155)-127.0.0.1] com.zaxxer.hikari.HikariDataSource       : HikariPool-1 - Shutdown completed.
